<?xml version="1.0" encoding="UTF-8"?>
<!-- Generated by org.testng.reporters.JUnitReportReporter -->
<testsuite hostname="DESKTOP-Q8CTQTS" failures="0" tests="3" name="com.facebook.qa.testcases.FriendsPageTest" time="48.603" errors="0" timestamp="02 Mar 2024 02:20:13 GMT" skipped="0">
  <testcase classname="com.facebook.qa.testcases.FriendsPageTest" name="friendsPageTitleTest" time="16.306"/>
  <testcase classname="com.facebook.qa.testcases.FriendsPageTest" name="verifyfriendslabelTest" time="16.114"/>
  <testcase classname="com.facebook.qa.testcases.FriendsPageTest" name="verifysearchboxlink" time="16.183"/>
</testsuite> <!-- com.facebook.qa.testcases.FriendsPageTest -->
