<?xml version="1.0" encoding="UTF-8"?>
<!-- Generated by org.testng.reporters.JUnitReportReporter -->
<testsuite hostname="DESKTOP-Q8CTQTS" failures="0" tests="3" name="com.facebook.qa.testcases.FLoginPageTest" time="18.751" errors="0" timestamp="02 Mar 2024 02:20:13 GMT" skipped="0">
  <testcase classname="com.facebook.qa.testcases.FLoginPageTest" name="loginPageTitleTest" time="5.504"/>
  <testcase classname="com.facebook.qa.testcases.FLoginPageTest" name="facebookLogoImageTest" time="5.832"/>
  <testcase classname="com.facebook.qa.testcases.FLoginPageTest" name="loginTest" time="7.415"/>
</testsuite> <!-- com.facebook.qa.testcases.FLoginPageTest -->
